[debug] [2024-11-02T13:32:06.339Z] : 
[debug] [2024-11-02T13:32:06.341Z] : ----------------------------------------------------------------------
[debug] [2024-11-02T13:32:06.341Z] : Command:      C:\Program Files\nodejs\node.exe C:\Users\Venkatesh.M\AppData\Roaming\npm\node_modules\zcatalyst-cli\lib\bin\catalyst.js serve
[debug] [2024-11-02T13:32:06.341Z] : CLI Version:  1.17.6
[debug] [2024-11-02T13:32:06.341Z] : Platform:     win32
[debug] [2024-11-02T13:32:06.341Z] : Node Version: v20.11.1
[debug] [2024-11-02T13:32:06.342Z] : Time:         Sat Nov 02 2024 19:02:06 GMT+0530 (India Standard Time)
[debug] [2024-11-02T13:32:06.342Z] : ----------------------------------------------------------------------
[debug] [2024-11-02T13:32:06.342Z] : 
[debug] [2024-11-02T13:32:07.805Z] : > authorizing via signed-in user option
[debug] [2024-11-02T13:32:07.805Z] : > command requires scopes: ["ZohoCatalyst.projects.ALL","ZohoCatalyst.functions.ALL","ZohoCatalyst.functions.EXECUTE","ZohoCatalyst.webapp.ALL","ZohoCatalyst.pdfshot.execute","ZohoCatalyst.authentication.CREATE"]
[debug] [2024-11-02T13:32:07.818Z] : > refreshing access token <
[debug] [2024-11-02T13:32:07.820Z] : >>>> HTTP REQUEST : POST https://accounts.zoho.in/oauth/v2/token 
<request body omitted>

[debug] [2024-11-02T13:32:08.166Z] : <<<< HTTP RESPONSE : 200
Response Headers: {"server":"ZGS","date":"Sat, 02 Nov 2024 13:32:03 GMT","content-type":"application/json;charset=UTF-8","content-length":"1948","connection":"keep-alive","set-cookie":["zalb_6e73717622=13e67ac15bc4d3ece130966123511df7; Path=/; Secure; HttpOnly","iamcsr=da8d2920-a4fc-478e-8142-d3c9dcacbb39;path=/;SameSite=None;Secure;priority=high","_zcsr_tmp=da8d2920-a4fc-478e-8142-d3c9dcacbb39;path=/;SameSite=Strict;Secure;priority=high"],"cache-control":"no-store","x-content-type-options":"nosniff","content-security-policy":"script-src 'self' 'unsafe-inline' 'unsafe-eval' https://*.zohocdn.com https://*.zoho.com https://*.zoho.eu https://*.zoho.com.cn https://*.zoho.com.au https://*.zoho.jp https://*.zoho.uk https://*.zoho.sa https://*.zohocloud.ca; report-uri https://logsapi.zoho.in/csplog?service=accounts;","pragma":"no-cache","x-frame-options":"SAMEORIGIN","vary":"accept-encoding","content-language":"en-US","strict-transport-security":"max-age=63072000"}

[debug] [2024-11-02T13:32:08.174Z] : >>>> HTTP REQUEST : GET https://api.catalyst.zoho.in/baas/v1/project/9777000000008001 

[debug] [2024-11-02T13:32:08.582Z] : <<<< HTTP RESPONSE : 200
Response Headers: {"server":"ZGS","date":"Sat, 02 Nov 2024 13:32:03 GMT","content-type":"application/vnd.catalyst.v2+json","transfer-encoding":"chunked","connection":"keep-alive","set-cookie":["zalb_3a750b85f1=99131cfabfda186b4fe68a16fb8fedd6; Path=/; Secure; HttpOnly","ZD_CSRF_TOKEN=0dba702a-075a-4897-910d-d01423acb605;path=/;SameSite=None;Secure;priority=high","_zcsr_tmp=0dba702a-075a-4897-910d-d01423acb605;path=/;SameSite=Strict;Secure;priority=high"],"x-content-type-options":"nosniff","x-xss-protection":"1","cache-control":"private,no-cache,no-store,max-age=0,must-revalidate","pragma":"no-cache","expires":"Thu, 01 Jan 1970 00:00:00 GMT","x-frame-options":"DENY","strict-transport-security":"max-age=63072000"}

[debug] [2024-11-02T13:32:08.585Z] : >>>> HTTP REQUEST : GET https://api.catalyst.zoho.in/baas/v1/project/9777000000008001/environment 

[debug] [2024-11-02T13:32:08.672Z] : <<<< HTTP RESPONSE : 200
Response Headers: {"server":"ZGS","date":"Sat, 02 Nov 2024 13:32:03 GMT","content-type":"application/vnd.catalyst.v2+json","transfer-encoding":"chunked","connection":"keep-alive","set-cookie":["zalb_3a750b85f1=7c58023b2365c117e2ff9b6feb09efa2; Path=/; Secure; HttpOnly","ZD_CSRF_TOKEN=467c8ece-e8cd-4eca-b30b-24ccd92a585a;path=/;SameSite=None;Secure;priority=high","_zcsr_tmp=467c8ece-e8cd-4eca-b30b-24ccd92a585a;path=/;SameSite=Strict;Secure;priority=high"],"x-content-type-options":"nosniff","x-xss-protection":"1","cache-control":"private,no-cache,no-store,max-age=0,must-revalidate","pragma":"no-cache","expires":"Thu, 01 Jan 1970 00:00:00 GMT","x-frame-options":"DENY","strict-transport-security":"max-age=63072000"}

[debug] [2024-11-02T13:32:09.249Z] : No basic functions to add
[info] [2024-11-02T13:32:09.250Z] : 
[info] [2024-11-02T13:32:09.250Z] : i Client[venkat-dsa-portfolio]: Plugin : "zcatalyst-cli-plugin-angular" is used for client serve
[info] [2024-11-02T13:32:09.250Z] : 
[info] [2024-11-02T13:32:09.505Z] : 
[info] [2024-11-02T13:32:09.505Z] :  >>>>>>>>>>>>> Web Client <<<<<<<<<<<<
[info] [2024-11-02T13:32:09.505Z] : i client[venkat-dsa-portfolio]: http://localhost:3000/app/
[info] [2024-11-02T13:32:09.506Z] : 
[info] [2024-11-02T13:32:10.462Z] : [Angular-plugin]: NOTICE: Hot Module Replacement (HMR) is enabled for the dev server.
[Angular-plugin]: See https://webpack.js.org/guides/hot-module-replacement for information on working with HMR for Webpack.
[info] [2024-11-02T13:32:18.423Z] : [Angular-plugin]: 
[Angular-plugin]: Initial Chunk Files   | Names         |  Raw Size
[Angular-plugin]: vendor.js             | vendor        |   2.60 MB | 
[Angular-plugin]: polyfills.js          | polyfills     | 317.50 kB | 
[Angular-plugin]: styles.css, styles.js | styles        | 219.94 kB | 
[Angular-plugin]: main.js               | main          | 110.05 kB | 
[Angular-plugin]: runtime.js            | runtime       |  48.33 kB | 
[Angular-plugin]: 
[Angular-plugin]:                       | Initial Total |   3.28 MB
[Angular-plugin]: 
[Angular-plugin]: Build at: 2024-11-02T13:32:18.382Z - Hash: 8b5a26e681dd6c6b - Time: 6981ms
[info] [2024-11-02T13:32:18.425Z] : [Angular-plugin]: 
[Angular-plugin]: Warning: D:\Project\MYPROJECT\New folder\frontend_dsa\client\src\app\Components\Common\home\home.component.ts depends on 'feather-icons'. CommonJS or AMD dependencies can cause optimization bailouts.
[Angular-plugin]: For more info see: https://angular.io/guide/build#configuring-commonjs-dependencies
[Angular-plugin]: 
[Angular-plugin]: 
[info] [2024-11-02T13:32:18.426Z] : [Angular-plugin]: 
[Angular-plugin]: ** Angular Live Development Server is listening on 127.0.0.1:5000, open your browser on http://127.0.0.1:5000/app **
[Angular-plugin]: 
[info] [2024-11-02T13:32:18.428Z] : [Angular-plugin]: 
[Angular-plugin]: √ Compiled successfully.
[info] [2024-11-02T13:32:18.492Z] : [Angular-plugin]: Please visit this url to access venkat-dsa-portfolio: http://localhost:3000/app/
[debug] [2024-11-02T13:32:45.125Z] : proxy closed
[info] [2024-11-02T13:35:46.125Z] : [Angular-plugin]: 
[Angular-plugin]: Initial Chunk Files                                | Names   |  Raw Size
[Angular-plugin]: main.js, main.8b5a26e681dd6c6b.hot-update.js       | main    | 112.81 kB | 
[Angular-plugin]: runtime.js, runtime.8b5a26e681dd6c6b.hot-update.js | runtime |  48.69 kB | 
[Angular-plugin]: 
[Angular-plugin]: 3 unchanged chunks
[Angular-plugin]: 
[Angular-plugin]: Build at: 2024-11-02T13:35:46.008Z - Hash: be83365a8f3cea63 - Time: 1380ms
[info] [2024-11-02T13:35:46.160Z] : [Angular-plugin]: 
[Angular-plugin]: √ Compiled successfully.
[debug] [2024-11-02T13:35:53.128Z] : proxy closed
[info] [2024-11-02T13:36:01.265Z] : [Angular-plugin]: 
[Angular-plugin]: Initial Chunk Files                                | Names   |  Raw Size
[Angular-plugin]: main.js, main.be83365a8f3cea63.hot-update.js       | main    | 112.81 kB | 
[Angular-plugin]: runtime.js, runtime.be83365a8f3cea63.hot-update.js | runtime |  48.69 kB | 
[Angular-plugin]: 
[Angular-plugin]: 3 unchanged chunks
[Angular-plugin]: 
[Angular-plugin]: Build at: 2024-11-02T13:36:01.249Z - Hash: 5cb954a1a519fad1 - Time: 518ms
[info] [2024-11-02T13:36:01.267Z] : [Angular-plugin]: 
[Angular-plugin]: √ Compiled successfully.
[debug] [2024-11-02T13:36:02.027Z] : proxy closed
[debug] [2024-11-02T13:36:04.657Z] : proxy closed
[debug] [2024-11-02T13:36:07.121Z] : proxy closed
[info] [2024-11-02T13:37:34.956Z] : [Angular-plugin]: 
[Angular-plugin]: Initial Chunk Files                                | Names   |  Raw Size
[Angular-plugin]: main.js, main.5cb954a1a519fad1.hot-update.js       | main    | 129.99 kB | 
[Angular-plugin]: runtime.js, runtime.5cb954a1a519fad1.hot-update.js | runtime |  48.69 kB | 
[Angular-plugin]: 
[Angular-plugin]: 3 unchanged chunks
[Angular-plugin]: 
[Angular-plugin]: Build at: 2024-11-02T13:37:34.936Z - Hash: fd8470a1d4550575 - Time: 970ms
[info] [2024-11-02T13:37:34.958Z] : [Angular-plugin]: 
[Angular-plugin]: √ Compiled successfully.
[debug] [2024-11-02T13:37:42.174Z] : proxy closed
[debug] [2024-11-02T13:43:08.949Z] : 
[debug] [2024-11-02T13:43:09.013Z] : ----------------------------------------------------------------------
[debug] [2024-11-02T13:43:09.013Z] : Command:      C:\Program Files\nodejs\node.exe C:\Users\Venkatesh.M\AppData\Roaming\npm\node_modules\zcatalyst-cli\lib\bin\catalyst.js serve
[debug] [2024-11-02T13:43:09.014Z] : CLI Version:  1.17.6
[debug] [2024-11-02T13:43:09.014Z] : Platform:     win32
[debug] [2024-11-02T13:43:09.015Z] : Node Version: v20.11.1
[debug] [2024-11-02T13:43:09.015Z] : Time:         Sat Nov 02 2024 19:13:09 GMT+0530 (India Standard Time)
[debug] [2024-11-02T13:43:09.016Z] : ----------------------------------------------------------------------
[debug] [2024-11-02T13:43:09.016Z] : 
[debug] [2024-11-02T13:43:13.920Z] : > authorizing via signed-in user option
[debug] [2024-11-02T13:43:13.921Z] : > command requires scopes: ["ZohoCatalyst.projects.ALL","ZohoCatalyst.functions.ALL","ZohoCatalyst.functions.EXECUTE","ZohoCatalyst.webapp.ALL","ZohoCatalyst.pdfshot.execute","ZohoCatalyst.authentication.CREATE"]
[debug] [2024-11-02T13:43:13.994Z] : >>>> HTTP REQUEST : GET https://api.catalyst.zoho.in/baas/v1/project/9777000000008001 

[debug] [2024-11-02T13:43:16.692Z] : <<<< HTTP RESPONSE : 200
Response Headers: {"server":"ZGS","date":"Sat, 02 Nov 2024 13:43:11 GMT","content-type":"application/vnd.catalyst.v2+json","transfer-encoding":"chunked","connection":"keep-alive","set-cookie":["zalb_3a750b85f1=99131cfabfda186b4fe68a16fb8fedd6; Path=/; Secure; HttpOnly","ZD_CSRF_TOKEN=d8f9370d-0640-46df-9fd5-74029edb8cb5;path=/;SameSite=None;Secure;priority=high","_zcsr_tmp=d8f9370d-0640-46df-9fd5-74029edb8cb5;path=/;SameSite=Strict;Secure;priority=high"],"x-content-type-options":"nosniff","x-xss-protection":"1","cache-control":"private,no-cache,no-store,max-age=0,must-revalidate","pragma":"no-cache","expires":"Thu, 01 Jan 1970 00:00:00 GMT","x-frame-options":"DENY","strict-transport-security":"max-age=63072000"}

[debug] [2024-11-02T13:43:16.699Z] : >>>> HTTP REQUEST : GET https://api.catalyst.zoho.in/baas/v1/project/9777000000008001/environment 

[debug] [2024-11-02T13:43:17.314Z] : <<<< HTTP RESPONSE : 200
Response Headers: {"server":"ZGS","date":"Sat, 02 Nov 2024 13:43:11 GMT","content-type":"application/vnd.catalyst.v2+json","transfer-encoding":"chunked","connection":"keep-alive","set-cookie":["zalb_3a750b85f1=7c58023b2365c117e2ff9b6feb09efa2; Path=/; Secure; HttpOnly","ZD_CSRF_TOKEN=e37cd9d7-42f3-4937-812f-4ce620d3f48e;path=/;SameSite=None;Secure;priority=high","_zcsr_tmp=e37cd9d7-42f3-4937-812f-4ce620d3f48e;path=/;SameSite=Strict;Secure;priority=high"],"x-content-type-options":"nosniff","x-xss-protection":"1","cache-control":"private,no-cache,no-store,max-age=0,must-revalidate","pragma":"no-cache","expires":"Thu, 01 Jan 1970 00:00:00 GMT","x-frame-options":"DENY","strict-transport-security":"max-age=63072000"}

[debug] [2024-11-02T13:43:20.961Z] : No basic functions to add
[info] [2024-11-02T13:43:21.027Z] : 
[info] [2024-11-02T13:43:21.091Z] : i Client[venkat-dsa-portfolio]: Plugin : "zcatalyst-cli-plugin-angular" is used for client serve
[info] [2024-11-02T13:43:21.133Z] : 
[info] [2024-11-02T13:43:22.987Z] : 
[info] [2024-11-02T13:43:22.989Z] :  >>>>>>>>>>>>> Web Client <<<<<<<<<<<<
[info] [2024-11-02T13:43:22.990Z] : i client[venkat-dsa-portfolio]: http://localhost:3000/app/
[info] [2024-11-02T13:43:22.992Z] : 
[info] [2024-11-02T13:43:28.429Z] : [Angular-plugin]: NOTICE: Hot Module Replacement (HMR) is enabled for the dev server.
[Angular-plugin]: See https://webpack.js.org/guides/hot-module-replacement for information on working with HMR for Webpack.
[info] [2024-11-02T13:43:56.140Z] : [Angular-plugin]: 
[Angular-plugin]: Initial Chunk Files   | Names         |  Raw Size
[Angular-plugin]: vendor.js             | vendor        |   2.60 MB | 
[Angular-plugin]: polyfills.js          | polyfills     | 317.50 kB | 
[Angular-plugin]: styles.css, styles.js | styles        | 219.94 kB | 
[Angular-plugin]: main.js               | main          | 109.88 kB | 
[Angular-plugin]: runtime.js            | runtime       |  48.33 kB | 
[Angular-plugin]: 
[Angular-plugin]:                       | Initial Total |   3.28 MB
[Angular-plugin]: 
[Angular-plugin]: Build at: 2024-11-02T13:43:55.990Z - Hash: 3fd7abab0f3884ff - Time: 23248ms
[info] [2024-11-02T13:43:56.143Z] : [Angular-plugin]: 
[Angular-plugin]: Warning: D:\Project\MYPROJECT\New folder\frontend_dsa\client\src\app\Components\Common\home\home.component.ts depends on 'feather-icons'. CommonJS or AMD dependencies can cause optimization bailouts.
[Angular-plugin]: For more info see: https://angular.io/guide/build#configuring-commonjs-dependencies
[Angular-plugin]: 
[Angular-plugin]: 
[info] [2024-11-02T13:43:56.145Z] : [Angular-plugin]: 
[Angular-plugin]: ** Angular Live Development Server is listening on 127.0.0.1:5000, open your browser on http://127.0.0.1:5000/app **
[Angular-plugin]: 
[info] [2024-11-02T13:43:56.148Z] : [Angular-plugin]: 
[Angular-plugin]: √ Compiled successfully.
[info] [2024-11-02T13:43:56.287Z] : [Angular-plugin]: Please visit this url to access venkat-dsa-portfolio: http://localhost:3000/app/
